<?xml version="1.0" encoding="UTF-8"?>
<!-- Generated by org.testng.reporters.JUnitReportReporter -->
<testsuite hostname="GalaxyBook2Pro" failures="0" tests="2" name="Project1.project1.Project1Test" time="47.110" errors="0" timestamp="2024-02-19T15:59:07 IST" skipped="0">
  <testcase classname="Project1.project1.Project1Test" name="login" time="7.973"/>
  <testcase classname="Project1.project1.Project1Test" name="automation" time="39.137"/>
</testsuite> <!-- Project1.project1.Project1Test -->
